Removed Member From Class: ClassName=Schematic Member=R?
Change Component Footprint: Designator=R1 Old Footprint=axial_0.3 New Footprint=chip_0805
Change Component Footprint: Designator=R2 Old Footprint=axial_0.3 New Footprint=chip_0805
Change Component Footprint: Designator=R3 Old Footprint=axial_0.3 New Footprint=chip_0805
Change Component Footprint: Designator=R4 Old Footprint=axial_0.3 New Footprint=chip_0805
Change Component Footprint: Designator=R5 Old Footprint=axial_0.3 New Footprint=chip_0805
Change Component Footprint: Designator=R6 Old Footprint=axial_0.3 New Footprint=chip_0805
Change Component Footprint: Designator=R8 Old Footprint=axial_0.3 New Footprint=chip_0805
Change Component Footprint: Designator=R9 Old Footprint=axial_0.3 New Footprint=chip_0805
Change component parameters: Designator = "R1" ("R1"); Footprint = "axial_0.3"; UniqueID = "\OODGECPM" ("\OODGECPM")
Change component parameters (AddParameter): Name = "Manufacturer"; Value = "Rohm Semiconductor"; VariantName = "[No Variations]"
Change component parameters (AddParameter): Name = "Manufacturer PN"; Value = "KTR10EZPF1001"; VariantName = "[No Variations]"
Change component parameters (AddParameter): Name = "Part Number"; Value = "RES-00361"; VariantName = "[No Variations]"
Change component parameters (AddParameter): Name = "Power Rating"; Value = "0.125W"; VariantName = "[No Variations]"
Change component parameters (AddParameter): Name = "Resistance"; Value = "1k"; VariantName = "[No Variations]"
Change component parameters (AddParameter): Name = "Tolerance"; Value = "1%"; VariantName = "[No Variations]"
Change component parameters: Designator = "R2" ("R2"); Footprint = "axial_0.3"; UniqueID = "\PRXCUSUC" ("\PRXCUSUC")
Change component parameters (AddParameter): Name = "Manufacturer"; Value = "Rohm Semiconductor"; VariantName = "[No Variations]"
Change component parameters (AddParameter): Name = "Manufacturer PN"; Value = "KTR10EZPF1002"; VariantName = "[No Variations]"
Change component parameters (AddParameter): Name = "Part Number"; Value = "RES-00307"; VariantName = "[No Variations]"
Change component parameters (AddParameter): Name = "Power Rating"; Value = "0.125W"; VariantName = "[No Variations]"
Change component parameters (AddParameter): Name = "Resistance"; Value = "10k"; VariantName = "[No Variations]"
Change component parameters (AddParameter): Name = "Tolerance"; Value = "1%"; VariantName = "[No Variations]"
Change component parameters: Designator = "R3" ("R3"); Footprint = "axial_0.3"; UniqueID = "\PXORAADN" ("\PXORAADN")
Change component parameters (AddParameter): Name = "Manufacturer"; Value = "Rohm Semiconductor"; VariantName = "[No Variations]"
Change component parameters (AddParameter): Name = "Manufacturer PN"; Value = "KTR10EZPF1001"; VariantName = "[No Variations]"
Change component parameters (AddParameter): Name = "Part Number"; Value = "RES-00361"; VariantName = "[No Variations]"
Change component parameters (AddParameter): Name = "Power Rating"; Value = "0.125W"; VariantName = "[No Variations]"
Change component parameters (AddParameter): Name = "Resistance"; Value = "1k"; VariantName = "[No Variations]"
Change component parameters (AddParameter): Name = "Tolerance"; Value = "1%"; VariantName = "[No Variations]"
Change component parameters: Designator = "R4" ("R4"); Footprint = "axial_0.3"; UniqueID = "\PFZNILDX" ("\PFZNILDX")
Change component parameters (AddParameter): Name = "Manufacturer"; Value = "Rohm Semiconductor"; VariantName = "[No Variations]"
Change component parameters (AddParameter): Name = "Manufacturer PN"; Value = "KTR10EZPF1002"; VariantName = "[No Variations]"
Change component parameters (AddParameter): Name = "Part Number"; Value = "RES-00307"; VariantName = "[No Variations]"
Change component parameters (AddParameter): Name = "Power Rating"; Value = "0.125W"; VariantName = "[No Variations]"
Change component parameters (AddParameter): Name = "Resistance"; Value = "10k"; VariantName = "[No Variations]"
Change component parameters (AddParameter): Name = "Tolerance"; Value = "1%"; VariantName = "[No Variations]"
Change component parameters: Designator = "R5" ("R5"); Footprint = "axial_0.3"; UniqueID = "\WWLJGCEQ" ("\WWLJGCEQ")
Change component parameters (AddParameter): Name = "Manufacturer"; Value = "Rohm Semiconductor"; VariantName = "[No Variations]"
Change component parameters (AddParameter): Name = "Manufacturer PN"; Value = "KTR10EZPF1002"; VariantName = "[No Variations]"
Change component parameters (AddParameter): Name = "Part Number"; Value = "RES-00307"; VariantName = "[No Variations]"
Change component parameters (AddParameter): Name = "Power Rating"; Value = "0.125W"; VariantName = "[No Variations]"
Change component parameters (AddParameter): Name = "Resistance"; Value = "10k"; VariantName = "[No Variations]"
Change component parameters (AddParameter): Name = "Tolerance"; Value = "1%"; VariantName = "[No Variations]"
Change component parameters: Designator = "R6" ("R6"); Footprint = "axial_0.3"; UniqueID = "\INEDRDXM" ("\INEDRDXM")
Change component parameters (AddParameter): Name = "Manufacturer"; Value = "Rohm Semiconductor"; VariantName = "[No Variations]"
Change component parameters (AddParameter): Name = "Manufacturer PN"; Value = "KTR10EZPF4702"; VariantName = "[No Variations]"
Change component parameters (AddParameter): Name = "Part Number"; Value = "RES-00493"; VariantName = "[No Variations]"
Change component parameters (AddParameter): Name = "Power Rating"; Value = "0.125W"; VariantName = "[No Variations]"
Change component parameters (AddParameter): Name = "Resistance"; Value = "47k"; VariantName = "[No Variations]"
Change component parameters (AddParameter): Name = "Tolerance"; Value = "1%"; VariantName = "[No Variations]"
Change component parameters: Designator = "R8" ("R8"); Footprint = "axial_0.3"; UniqueID = "\DCVBNPXY" ("\DCVBNPXY")
Change component parameters (AddParameter): Name = "Manufacturer"; Value = "Rohm Semiconductor"; VariantName = "[No Variations]"
Change component parameters (AddParameter): Name = "Manufacturer PN"; Value = "KTR10EZPF2200"; VariantName = "[No Variations]"
Change component parameters (AddParameter): Name = "Part Number"; Value = "RES-00202"; VariantName = "[No Variations]"
Change component parameters (AddParameter): Name = "Power Rating"; Value = "0.125W"; VariantName = "[No Variations]"
Change component parameters (AddParameter): Name = "Resistance"; Value = "220"; VariantName = "[No Variations]"
Change component parameters (AddParameter): Name = "Tolerance"; Value = "1%"; VariantName = "[No Variations]"
Change component parameters: Designator = "R9" ("R9"); Footprint = "axial_0.3"; UniqueID = "\PBZZMEWS" ("\PBZZMEWS")
Change component parameters (AddParameter): Name = "Manufacturer"; Value = "Rohm Semiconductor"; VariantName = "[No Variations]"
Change component parameters (AddParameter): Name = "Manufacturer PN"; Value = "KTR10EZPF2200"; VariantName = "[No Variations]"
Change component parameters (AddParameter): Name = "Part Number"; Value = "RES-00202"; VariantName = "[No Variations]"
Change component parameters (AddParameter): Name = "Power Rating"; Value = "0.125W"; VariantName = "[No Variations]"
Change component parameters (AddParameter): Name = "Resistance"; Value = "220"; VariantName = "[No Variations]"
Change component parameters (AddParameter): Name = "Tolerance"; Value = "1%"; VariantName = "[No Variations]"
