Removed Pin From Net: NetName=NetR3_2 Pin=U1-10
Change Component Description : Designator=D1 Old Description= New Description=Diode Thru-Hole 0.5"
Change Component Description : Designator=D2 Old Description= New Description=Diode Thru-Hole 0.5"
Change Component Description : Designator=J1 Old Description= New Description=Screwless terminal 2 pin 32A
Change Component Description : Designator=J2 Old Description= New Description=Screwless terminal 2 pin 32A
Change Component Description : Designator=J3 Old Description= New Description=Screwless terminal 2 pin 32A
Added Component: Designator=J4(J-3)
Added Component: Designator=J5(J-3)
Added Component: Designator=J6(J-3)
Added Component: Designator=J7(J-5)
Added Component: Designator=J8(J-5)
Added Pin To Net: NetName=GND Pin=J4-2
Added Pin To Net: NetName=GND Pin=J5-2
Added Pin To Net: NetName=GND Pin=J7-1
Added Pin To Net: NetName=GND Pin=J8-4
Added Pin To Net: NetName=NetR3_2 Pin=U1-16
Added Pin To Net: NetName=+5 Pin=J7-2
Added Pin To Net: NetName=+5 Pin=J8-2
Added Pin To Net: NetName=+5 Pin=U1-27
Added Net: Name=+5
Added Pin To Net: NetName=NetJ4_1 Pin=J4-1
Added Pin To Net: NetName=NetJ4_1 Pin=U1-5
Added Net: Name=NetJ4_1
Added Pin To Net: NetName=NetJ5_1 Pin=J5-1
Added Pin To Net: NetName=NetJ5_1 Pin=U1-7
Added Net: Name=NetJ5_1
Added Pin To Net: NetName=NetJ6_1 Pin=J6-1
Added Pin To Net: NetName=NetJ6_1 Pin=U1-9
Added Net: Name=NetJ6_1
Added Pin To Net: NetName=NetJ6_2 Pin=J6-2
Added Pin To Net: NetName=NetJ6_2 Pin=U1-8
Added Net: Name=NetJ6_2
Added Pin To Net: NetName=NetJ7_3 Pin=J7-3
Added Pin To Net: NetName=NetJ7_3 Pin=U1-24
Added Net: Name=NetJ7_3
Added Pin To Net: NetName=NetJ7_4 Pin=J7-4
Added Pin To Net: NetName=NetJ7_4 Pin=U1-23
Added Net: Name=NetJ7_4
Added Pin To Net: NetName=NetJ8_1 Pin=J8-1
Added Pin To Net: NetName=NetJ8_1 Pin=U1-26
Added Net: Name=NetJ8_1
Added Pin To Net: NetName=NetJ8_3 Pin=J8-3
Added Pin To Net: NetName=NetJ8_3 Pin=U1-25
Added Net: Name=NetJ8_3
Added Member To Class: ClassName=Schematic Member=Component D2 Diode Thru-Hole 0.5"
Added Member To Class: ClassName=Schematic Member=Component J4 J-3
Added Member To Class: ClassName=Schematic Member=Component J5 J-3
Added Member To Class: ClassName=Schematic Member=Component J6 J-3
Added Member To Class: ClassName=Schematic Member=Component J7 J-5
Added Member To Class: ClassName=Schematic Member=Component J8 J-5
Added Room: Name=Schematic
