Change component parameters: Designator = "C1" ("C1"); Footprint = "can_2_0"; UniqueID = "\OMIECICT" ("\OMIECICT")
Change component parameters (AddParameter): Name = "Capacitance"; Value = "10uF"; VariantName = "[No Variations]"
Change component parameters (AddParameter): Name = "Manufacturer"; Value = "Nichicon"; VariantName = "[No Variations]"
Change component parameters (AddParameter): Name = "Manufacturer PN"; Value = "UVR1C100MDD"; VariantName = "[No Variations]"
Change component parameters (AddParameter): Name = "Part Number"; Value = "CAP-00184"; VariantName = "[No Variations]"
Change component parameters (AddParameter): Name = "Tolerance"; Value = "20%"; VariantName = "[No Variations]"
Change component parameters (AddParameter): Name = "Type"; Value = "Al"; VariantName = "[No Variations]"
Change component parameters (AddParameter): Name = "Voltage Rating"; Value = "16V"; VariantName = "[No Variations]"
Add Component: Footprint Not Found J-7
Add Component: Footprint Not Found J-7
Add Component: Footprint Not Found J-7
Add Component: Footprint Not Found J-7
Add Pin To Net: Unknown Pin: Pin MH1-1
Add Pin To Net: Unknown Pin: Pin MH2-1
Add Pin To Net: Unknown Pin: Pin MH3-1
Add Pin To Net: Unknown Pin: Pin MH4-1
Add Class Member: Failed to add class member : Component MH1 J-7
Add Class Member: Failed to add class member : Component MH2 J-7
Add Class Member: Failed to add class member : Component MH3 J-7
Add Class Member: Failed to add class member : Component MH4 J-7
Added Member To Class: ClassName=Schematic Member=Component Q4 Reflect2
Added Member To Class: ClassName=Schematic Member=Component U1 ARDUINO_NANO
Added Room: Name=Schematic
