Change Physical Footprint: Designator=D1 Old Footprint=D-1 New Footprint=D-1
Change Physical Footprint: Designator=D2 Old Footprint=D-1 New Footprint=D-1
Change Physical Footprint: Designator=D3 Old Footprint=J-3 New Footprint=J-3
Change Physical Footprint: Designator=D4 Old Footprint=J-3 New Footprint=J-3
Change Physical Footprint: Designator=DS1 Old Footprint=J-5 New Footprint=J-5
Change Physical Footprint: Designator=J1 Old Footprint=J-1 New Footprint=J-1
Change Physical Footprint: Designator=J2 Old Footprint=J-1 New Footprint=J-1
Change Physical Footprint: Designator=J3 Old Footprint=J-1 New Footprint=J-1
Change Physical Footprint: Designator=LS1 Old Footprint=J-3 New Footprint=J-3
Change Physical Footprint: Designator=Q1 Old Footprint=INF-PG-TO-220AB New Footprint=INF-PG-TO-220AB
Change Physical Footprint: Designator=Q2 Old Footprint=INF-PG-TO-220AB New Footprint=INF-PG-TO-220AB
Change Physical Footprint: Designator=Q3 Old Footprint=J-3 New Footprint=J-3
Change Physical Footprint: Designator=Q4 Old Footprint=J-3 New Footprint=J-3
Change Physical Footprint: Designator=R1 Old Footprint=axial_0.3 New Footprint=axial_0.3
Change Physical Footprint: Designator=R2 Old Footprint=axial_0.3 New Footprint=axial_0.3
Change Physical Footprint: Designator=R3 Old Footprint=axial_0.3 New Footprint=axial_0.3
Change Physical Footprint: Designator=R4 Old Footprint=axial_0.3 New Footprint=axial_0.3
Change Physical Footprint: Designator=R5 Old Footprint=axial_0.3 New Footprint=axial_0.3
Change Physical Footprint: Designator=R6 Old Footprint=axial_0.3 New Footprint=axial_0.3
Change Physical Footprint: Designator=R7 Old Footprint=axial_0.3 New Footprint=axial_0.3
Change Physical Footprint: Designator=R8 Old Footprint=axial_0.3 New Footprint=axial_0.3
Change Physical Footprint: Designator=R9 Old Footprint=axial_0.3 New Footprint=axial_0.3
Change Physical Footprint: Designator=S1 Old Footprint=J-5 New Footprint=J-5
Change Physical Footprint: Designator=S2 Old Footprint=J-3 New Footprint=J-3
Change Physical Footprint: Designator=S3 Old Footprint=J-3 New Footprint=J-3
Change Physical Footprint: Designator=U1 Old Footprint=ARDUINO_NANO New Footprint=ARDUINO_NANO
Change Physical Footprint: Designator=VR1 Old Footprint=J-3 New Footprint=J-3
