Change Component Designator: OldDesignator=J4 NewDesignator=S2
Change Component Designator: OldDesignator=J5 NewDesignator=S3
Change Component Designator: OldDesignator=J6 NewDesignator=LS1
Change Component Designator: OldDesignator=J7 NewDesignator=DS1
Change Component Designator: OldDesignator=J8 NewDesignator=S1
Change Component Designator: OldDesignator=J9 NewDesignator=VR1
Change Component Designator: OldDesignator=J10 NewDesignator=Q3
Change Component Designator: OldDesignator=J11 NewDesignator=Q4
Change Component Designator: OldDesignator=J12 NewDesignator=D3
Change Component Designator: OldDesignator=J13 NewDesignator=D4
Change Net Name : Old Net Name=NetJ4_1 New Net Name=NetS2_1
Change Net Name : Old Net Name=NetJ5_1 New Net Name=NetS3_1
Change Net Name : Old Net Name=NetJ6_1 New Net Name=NetLS1_1
Change Net Name : Old Net Name=NetJ6_2 New Net Name=NetLS1_2
Change Net Name : Old Net Name=NetJ7_3 New Net Name=NetDS1_3
Change Net Name : Old Net Name=NetJ7_4 New Net Name=NetDS1_4
Change Net Name : Old Net Name=NetJ8_1 New Net Name=NetS1_1
Change Net Name : Old Net Name=NetJ8_3 New Net Name=NetS1_3
Change Net Name : Old Net Name=NetJ9_1 New Net Name=NetR7_2
Change Net Name : Old Net Name=NetJ10_1 New Net Name=NetQ3_1
Change Net Name : Old Net Name=NetJ11_1 New Net Name=NetQ4_1
Change Net Name : Old Net Name=NetJ12_1 New Net Name=NetD3_1
Change Net Name : Old Net Name=NetJ13_1 New Net Name=NetD4_1
Added Room: Name=Schematic
