Removed Pin From Net: NetName=D7 Pin=S2-1
Removed Pin From Net: NetName=GND Pin=S2-2
Removed Pin From Net: NetName=D8 Pin=S3-1
Removed Pin From Net: NetName=GND Pin=S3-2
Removed Pin From Net: NetName=D11 Pin=S4-1
Removed Pin From Net: NetName=GND Pin=S4-2
Removed Pin From Net: NetName=D12 Pin=S5-1
Removed Pin From Net: NetName=GND Pin=S5-2
Change Component Footprint: Designator=J1 Old Footprint=J-6 New Footprint=J-3 - Long
Change Component Comment : Designator=U3 Old Comment=R-78E5.0-1.0 New Comment=R-78E5.0-0.5
Change component parameters: Designator = "DS1" ("DS1"); Footprint = "J-5"; UniqueID = "\KBPEDLRK" ("\KBPEDLRK")
Change component parameters: Designator = "S1" ("S1"); Footprint = "J-5"; UniqueID = "\NNNOIPTC" ("\NNNOIPTC")
Change component parameters: Designator = "U3" ("U3"); Footprint = "REPO-R-78E-0.5-3_V"; UniqueID = "\CBRVLDMG" ("\CBRVLDMG")
Change component parameters (AddParameter): Name = "Current - Output (Max)"; Value = "500mA"; VariantName = "[No Variations]"
Change component parameters (AddParameter): Name = "Datasheet URL"; Value = "http://www.recom-power.com/pdf/Innoline/R-78Exx-0.5.pdf"; VariantName = "[No Variations]"
Change component parameters (AddParameter): Name = "Datasheet Version"; Value = "01/2017"; VariantName = "[No Variations]"
Change component parameters (AddParameter): Name = "Efficiency"; Value = "92%"; VariantName = "[No Variations]"
Change component parameters (AddParameter): Name = "Manufacturer"; Value = "Recom Power"; VariantName = "[No Variations]"
Change component parameters (AddParameter): Name = "Manufacturer URL"; Value = "http://www.recom-power.com/us/americas/home.html"; VariantName = "[No Variations]"
Change component parameters (AddParameter): Name = "Mounting Technology"; Value = "ThroughHole"; VariantName = "[No Variations]"
Change component parameters (AddParameter): Name = "Number of Outputs"; Value = "1"; VariantName = "[No Variations]"
Change component parameters (AddParameter): Name = "Operating Temperature"; Value = "-40°C~85°C"; VariantName = "[No Variations]"
Change component parameters (AddParameter): Name = "Package Description"; Value = "3-Pin Through Hole Device, Body 11.6 x 8.5 mm, Pitch 2.54 mm"; VariantName = "[No Variations]"
Change component parameters (AddParameter): Name = "Package Reference"; Value = "SIP Module"; VariantName = "[No Variations]"
Change component parameters (AddParameter): Name = "Package Version"; Value = "Rev. 0"; VariantName = "[No Variations]"
Change component parameters (AddParameter): Name = "Packaging"; Value = "Tube"; VariantName = "[No Variations]"
Change component parameters (AddParameter): Name = "VIN Max"; Value = "28V"; VariantName = "[No Variations]"
Change component parameters (AddParameter): Name = "VIN Min"; Value = "7V"; VariantName = "[No Variations]"
Change component parameters (AddParameter): Name = "VOUT"; Value = "5V"; VariantName = "[No Variations]"
Added Pin To Net: NetName=GND Pin=S2-1
Added Pin To Net: NetName=D7 Pin=S2-2
Added Pin To Net: NetName=GND Pin=S3-1
Added Pin To Net: NetName=D8 Pin=S3-2
Added Pin To Net: NetName=GND Pin=S4-1
Added Pin To Net: NetName=D11 Pin=S4-2
Added Pin To Net: NetName=GND Pin=S5-1
Added Pin To Net: NetName=D12 Pin=S5-2
Added Room: Name=Schematic
