Replace Part D1 D-1 in C:\Users\Public\Documents\Altium\Rapidstrike Mod\Schematic.SchDoc with D-1 from Rapidstrike Mod Components Lib.IntLib
Replace Part D2 D-1 in C:\Users\Public\Documents\Altium\Rapidstrike Mod\Schematic.SchDoc with D-1 from Rapidstrike Mod Components Lib.IntLib
Replace Part DS1 J-5 in C:\Users\Public\Documents\Altium\Rapidstrike Mod\Schematic.SchDoc with J-5 from Rapidstrike Mod Components Lib.IntLib
Replace Part J1 J-6 in C:\Users\Public\Documents\Altium\Rapidstrike Mod\Schematic.SchDoc with J-6 from Rapidstrike Mod Components Lib.IntLib
Replace Part J2 J-6 in C:\Users\Public\Documents\Altium\Rapidstrike Mod\Schematic.SchDoc with J-6 from Rapidstrike Mod Components Lib.IntLib
Replace Part J3 J-6 in C:\Users\Public\Documents\Altium\Rapidstrike Mod\Schematic.SchDoc with J-6 from Rapidstrike Mod Components Lib.IntLib
Replace Part J4 J-4 in C:\Users\Public\Documents\Altium\Rapidstrike Mod\Schematic.SchDoc with J-4 from Rapidstrike Mod Components Lib.IntLib
Replace Part J5 J-3 in C:\Users\Public\Documents\Altium\Rapidstrike Mod\Schematic.SchDoc with J-3 from Rapidstrike Mod Components Lib.IntLib
Replace Part J6 J-4 in C:\Users\Public\Documents\Altium\Rapidstrike Mod\Schematic.SchDoc with J-4 from Rapidstrike Mod Components Lib.IntLib
Update Managed Component LED1 From CMP-1426-00007-1[150080GS75000] To CMP-1426-00007-1[150080GS75000] in Schematic.SchDoc
Replace Part LED2 J-3 in C:\Users\Public\Documents\Altium\Rapidstrike Mod\Schematic.SchDoc with J-3 from Rapidstrike Mod Components Lib.IntLib
Replace Part LS1 J-3 in C:\Users\Public\Documents\Altium\Rapidstrike Mod\Schematic.SchDoc with J-3 from Rapidstrike Mod Components Lib.IntLib
Replace Part MH1 MH-1 in C:\Users\Public\Documents\Altium\Rapidstrike Mod\Schematic.SchDoc with MH-1 from Rapidstrike Mod Components Lib.IntLib
Replace Part MH2 MH-1 in C:\Users\Public\Documents\Altium\Rapidstrike Mod\Schematic.SchDoc with MH-1 from Rapidstrike Mod Components Lib.IntLib
Replace Part MH3 MH-1 in C:\Users\Public\Documents\Altium\Rapidstrike Mod\Schematic.SchDoc with MH-1 from Rapidstrike Mod Components Lib.IntLib
Replace Part MH4 MH-1 in C:\Users\Public\Documents\Altium\Rapidstrike Mod\Schematic.SchDoc with MH-1 from Rapidstrike Mod Components Lib.IntLib
Update Managed Component Q1 From CMP-2000-04998-1[IRLB3034PBF] To CMP-2000-04998-1[IRLB3034PBF] in Schematic.SchDoc
Update Managed Component Q2 From CMP-2000-04998-1[IRLB3034PBF] To CMP-2000-04998-1[IRLB3034PBF] in Schematic.SchDoc
Replace Part Q3 J-3 in C:\Users\Public\Documents\Altium\Rapidstrike Mod\Schematic.SchDoc with J-3 from Rapidstrike Mod Components Lib.IntLib
Replace Part S1 J-5 in C:\Users\Public\Documents\Altium\Rapidstrike Mod\Schematic.SchDoc with J-5 from Rapidstrike Mod Components Lib.IntLib
Replace Part S2 S-1 in C:\Users\Public\Documents\Altium\Rapidstrike Mod\Schematic.SchDoc with S-1 from Rapidstrike Mod Components Lib.IntLib
Replace Part S3 S-1 in C:\Users\Public\Documents\Altium\Rapidstrike Mod\Schematic.SchDoc with S-1 from Rapidstrike Mod Components Lib.IntLib
Replace Part S4 S-1 in C:\Users\Public\Documents\Altium\Rapidstrike Mod\Schematic.SchDoc with S-1 from Rapidstrike Mod Components Lib.IntLib
Replace Part S5 S-1 in C:\Users\Public\Documents\Altium\Rapidstrike Mod\Schematic.SchDoc with S-1 from Rapidstrike Mod Components Lib.IntLib
Replace Part U1 U-1 in C:\Users\Public\Documents\Altium\Rapidstrike Mod\Schematic.SchDoc with U-1 from Rapidstrike Mod Components Lib.IntLib
Update Managed Component U2 From CMP-0314-00283-2[PCA9306DCTR] To CMP-0314-00283-2[PCA9306DCTR] in Schematic.SchDoc
Update Managed Component U3 From CMP-2000-06922-2[R-78E5.0-0.5] To CMP-2000-06922-2[R-78E5.0-0.5] in Schematic.SchDoc
Replace Part VR1 J-3 in C:\Users\Public\Documents\Altium\Rapidstrike Mod\Schematic.SchDoc with J-3 from Rapidstrike Mod Components Lib.IntLib
