Replace Part C1 CAP-00184 in C:\Users\Public\Documents\Altium\Projects\Rapidstrike Mod\Schematic.SchDoc with CAP-00184 from Capacitors$.IntLib
Replace Part C2 CAP-00184 in C:\Users\Public\Documents\Altium\Projects\Rapidstrike Mod\Schematic.SchDoc with CAP-00184 from Capacitors$.IntLib
Replace Part D1 D-1 in C:\Users\Public\Documents\Altium\Projects\Rapidstrike Mod\Schematic.SchDoc with D-1 from Rapidstrike Mod Components Lib.IntLib
Replace Part D2 D-1 in C:\Users\Public\Documents\Altium\Projects\Rapidstrike Mod\Schematic.SchDoc with D-1 from Rapidstrike Mod Components Lib.IntLib
Replace Part D3 J-3 in C:\Users\Public\Documents\Altium\Projects\Rapidstrike Mod\Schematic.SchDoc with J-3 from Rapidstrike Mod Components Lib.IntLib
Replace Part D4 J-3 in C:\Users\Public\Documents\Altium\Projects\Rapidstrike Mod\Schematic.SchDoc with J-3 from Rapidstrike Mod Components Lib.IntLib
Replace Part DS1 J-5 in C:\Users\Public\Documents\Altium\Projects\Rapidstrike Mod\Schematic.SchDoc with J-5 from Rapidstrike Mod Components Lib.IntLib
Replace Part J1 J-6 in C:\Users\Public\Documents\Altium\Projects\Rapidstrike Mod\Schematic.SchDoc with J-6 from Rapidstrike Mod Components Lib.IntLib
Replace Part J2 J-6 in C:\Users\Public\Documents\Altium\Projects\Rapidstrike Mod\Schematic.SchDoc with J-6 from Rapidstrike Mod Components Lib.IntLib
Replace Part J3 J-6 in C:\Users\Public\Documents\Altium\Projects\Rapidstrike Mod\Schematic.SchDoc with J-6 from Rapidstrike Mod Components Lib.IntLib
Replace Part J4 J-4 in C:\Users\Public\Documents\Altium\Projects\Rapidstrike Mod\Schematic.SchDoc with J-4 from Rapidstrike Mod Components Lib.IntLib
Replace Part J5 J-3 in C:\Users\Public\Documents\Altium\Projects\Rapidstrike Mod\Schematic.SchDoc with J-3 from Rapidstrike Mod Components Lib.IntLib
Replace Part LS1 J-3 in C:\Users\Public\Documents\Altium\Projects\Rapidstrike Mod\Schematic.SchDoc with J-3 from Rapidstrike Mod Components Lib.IntLib
Update Managed Component Q1 From CMP-2000-04998-1[IRLB3034PBF] To CMP-2000-04998-1[IRLB3034PBF] in Schematic.SchDoc
Update Managed Component Q2 From CMP-2000-04998-1[IRLB3034PBF] To CMP-2000-04998-1[IRLB3034PBF] in Schematic.SchDoc
Replace Part Q3 J-3 in C:\Users\Public\Documents\Altium\Projects\Rapidstrike Mod\Schematic.SchDoc with J-3 from Rapidstrike Mod Components Lib.IntLib
Replace Part Q4 J-3 in C:\Users\Public\Documents\Altium\Projects\Rapidstrike Mod\Schematic.SchDoc with J-3 from Rapidstrike Mod Components Lib.IntLib
Replace Part R1 RES-00605 in C:\Users\Public\Documents\Altium\Projects\Rapidstrike Mod\Schematic.SchDoc with RES-00605 from Resistors$.IntLib
Replace Part R2 RES-00607 in C:\Users\Public\Documents\Altium\Projects\Rapidstrike Mod\Schematic.SchDoc with RES-00607 from Resistors$.IntLib
Replace Part R3 RES-00605 in C:\Users\Public\Documents\Altium\Projects\Rapidstrike Mod\Schematic.SchDoc with RES-00605 from Resistors$.IntLib
Replace Part R4 RES-00607 in C:\Users\Public\Documents\Altium\Projects\Rapidstrike Mod\Schematic.SchDoc with RES-00607 from Resistors$.IntLib
Replace Part R5 RES-00607 in C:\Users\Public\Documents\Altium\Projects\Rapidstrike Mod\Schematic.SchDoc with RES-00607 from Resistors$.IntLib
Replace Part R6 RES-00624 in C:\Users\Public\Documents\Altium\Projects\Rapidstrike Mod\Schematic.SchDoc with RES-00624 from Resistors$.IntLib
Replace Part R7 RES-00609 in C:\Users\Public\Documents\Altium\Projects\Rapidstrike Mod\Schematic.SchDoc with RES-00609 from Resistors$.IntLib
Replace Part R8 RES-00665 in C:\Users\Public\Documents\Altium\Projects\Rapidstrike Mod\Schematic.SchDoc with RES-00665 from Resistors$.IntLib
Replace Part R9 RES-00665 in C:\Users\Public\Documents\Altium\Projects\Rapidstrike Mod\Schematic.SchDoc with RES-00665 from Resistors$.IntLib
Replace Part S1 J-5 in C:\Users\Public\Documents\Altium\Projects\Rapidstrike Mod\Schematic.SchDoc with J-5 from Rapidstrike Mod Components Lib.IntLib
Replace Part S2 J-3 in C:\Users\Public\Documents\Altium\Projects\Rapidstrike Mod\Schematic.SchDoc with J-3 from Rapidstrike Mod Components Lib.IntLib
Replace Part S3 J-3 in C:\Users\Public\Documents\Altium\Projects\Rapidstrike Mod\Schematic.SchDoc with J-3 from Rapidstrike Mod Components Lib.IntLib
Replace Part U1 UCTRL-00007 in C:\Users\Public\Documents\Altium\Projects\Rapidstrike Mod\Schematic.SchDoc with UCTRL-00007 from Microcontrollers$.IntLib
Update Managed Component U2 From CMP-0314-00292-3[TCA9406DCTR] To CMP-0314-00292-3[TCA9406DCTR] in Schematic.SchDoc
Update Managed Component U3 From CMP-0592-00001-4[NCP1117ST50T3G] To CMP-0592-00001-4[NCP1117ST50T3G] in Schematic.SchDoc
Replace Part VR1 J-3 in C:\Users\Public\Documents\Altium\Projects\Rapidstrike Mod\Schematic.SchDoc with J-3 from Rapidstrike Mod Components Lib.IntLib
